 *******************************************************************************
 *                                                                             *
 *                                 SCALE 6.2.1                                 *
 *                                -------------                                *
 *                                 March 2017                                  *
 *                                                                             *
 *           SCALE:  A Comprehensive Modeling and Simulation Suite             *
 *                   for Nuclear Safety Analysis and Design                    *
 *                                                                             *
 *                      Reactor and Nuclear Systems Division                   *
 *                        Oak Ridge National Laboratory                        *
 *                                                                             *
 *                           http://scale.ornl.gov                             *
 *                            scalehelp@ornl.gov                               *
 *                                                                             *
 *******************************************************************************
 *******************************************************************************
      
                  Job Information
                  ---------------
      Job started on ME04W0358GRD04 on Mon 06/03/2017 15:50:23
      Working directory: C:\Users\AJOHNS~1\AppData\Local\Temp\scale.ajohnson400.7136
      Input file name  : C:\Users\ajohnson400\Google Drive\nre6401\software\msr-refl-iter\temp.inp
      Output file name : C:\Users\ajohnson400\Google Drive\nre6401\software\msr-refl-iter\temp.out
      SCALE executable : C:\SCALE-6.2.1/bin/scale
      
 *******************************************************************************


    module t-newt will be called on Mon Mar 06 15:50:24 2017.
    sequence specification record:=t-newt parm=(centrm)
Input Data:

      MSR iterative reflector optimization procedure
      v7-252
      
      read comp
      
      ' --- NaCl-UCl3-PuCl3'
      ' --- 50/25/25 dens=3.60'
      ' --- 19.75 wt% eniched uranium'
        Na-23  1 0 5.3767E-03 900 end
        Cl-35  1 0 1.5991E-02 900 end
        Cl-37  1 0 5.5155E-03 900 end
        U-235  1 0 5.2556E-04 900 end
        U-238  1 0 2.1355E-03 900 end
        Pu-239 1 0 2.4994E-03 900 end
        Pu-240 1 0 1.8892E-04 900 end
      
      ' --- NaCl-UCl3-PuCl3'
      ' --- 50/25/25 dens=3.60'
      ' --- 19.75 wt% eniched uranium'
        Na-23  10 0 5.3767E-03 900 end
        Cl-35  10 0 1.5991E-02 900 end
        Cl-37  10 0 5.5155E-03 900 end
        U-235  10 0 5.2556E-04 900 end
        U-238  10 0 2.1355E-03 900 end
        Pu-239 10 0 2.4994E-03 900 end
        Pu-240 10 0 1.8892E-04 900 end
      ' --- Heat exchanger fluid
      ' -- Nitrogen gas a.t.m.
        n-14 2  1.0 293.0 end
      ' --- Piping
      ' -- Stainless steel
       ss304 3  1.0  end
      ' --- Piping
      ' -- Stainless steel
       ss304 30  1.0  end
      ' -- Reflector
         b4c 4  1.0 600.0 end
      
      end comp
      
      
      read celldata
      
        multiregion slab right_bdy=vacuum left_bdy=reflected origin=0.0 end
          1 55 
          3 60 
          2 70
          30 75
          10 100
          4 120 end zone
      
      end celldata
      
      read model
      Preliminary model
      
      read parameters
      
      drawit=yes
      sn=6
      echo=yes
      prtflux=yes
      
      end parameters
      
      read materials
      
        mix=1 end
        mix=2 pn=2 end
        mix=3 end
        mix=4 pn=2 end
      
      end materials
      
      read geometry
      
      global unit 1
          cuboid 99 120 0 20 -10
          cuboid 10 70  0.0 20 0.0
          cuboid 11 72  70  20 0
          cuboid 12 83  72  20 0
          cuboid 13 85  83  20 0
          cuboid 14 120 85  20 0    
          media 1 1 10
          media 3 1 11
          media 2 1 12
          media 3 1 13
          media 1 1 14
          cuboid 20 5   0  0 -10
          cuboid 21 70  5  0 -10
          cuboid 22 72  70 0 -10
          cuboid 23 83  72 0 -10
          cuboid 24 85  83 0 -10
          cuboid 25 120 85 0 -10
          media 3 1 20
          media 4 1 21
          media 3 1 22
          media 2 1 23
          media 3 1 24
          media 4 1 25  
          boundary 99 4 4
      end geometry
      
      
      end model
      
      
end




************************************************************************************************************************************
************************************************************************************************************************************
************************************************************************************************************************************
*****                                                                                                                          *****
*****                                             program verification information                                             *****
*****                                                                                                                          *****
*****                                            code system: SCALE   version: 6.2                                             *****
*****                                                                                                                          *****
************************************************************************************************************************************
************************************************************************************************************************************
*****                                                                                                                          *****
*****                                                                                                                          *****
*****                      program:  t-newt                                                                                    *****
*****                                                                                                                          *****
*****                      version:  6.2.1 (602001)                                                                            *****
*****                                                                                                                          *****
*****                     username:  ajohnson400                                                                               *****
*****                                                                                                                          *****
*****                     hostname:  ME04W0358GRD04                                                                            *****
*****                                                                                                                          *****
*****                                                                                                                          *****
*****            date of execution:  2017-03-06                                                                                *****
*****                                                                                                                          *****
*****            time of execution:  15:50:24                                                                                  *****
*****                                                                                                                          *****
************************************************************************************************************************************
************************************************************************************************************************************
************************************************************************************************************************************



------------------------------------------------------------------------------------------------------------------------------------

                          preliminary model                                                               

------------------------------------------------------------------------------------------------------------------------------------



1         ***********************
          ***********************
          **  Control Options  **
          ***********************
          ***********************

 Run problem to completion/test input only          run=           yes
 Weighted cross-section collapse/do not collapse    collapse=       no
 Source acceleration on/off                         accel=         yes
 Restart from earlier case/begin new case           restart=        no
 CMFD acceleration (0/1/2/3 = no/rect/yes/part)     cmfd=          0
 Number of fine mesh base grid/coarse grid in X     xcmfd=           1
 Number of fine mesh base grid/coarse grid in Y     ycmfd=           1
 CMFD Multigroup solution only (no 2g)              cmfd2g=         no
 Create restart file upon completion                savrest=       yes
 Calculation type:                                  eigenvalue                      
 Forward/adjoint solution                           forward=       yes
 
1         **********************
          **********************
          **  Output Options  **
          **********************
          **********************

 Print micro. cross-sections for problem nuclides   prtxsec=        no
 Print macro. cross-sections for mixtures           prtmxsec=       no
 Print balance table                                prtbalnc=       no
 Print mixing table                                 prtmxtab=       no
 Print postscript graphics file for fluxes          prtflux=       yes
 Print postscript grid/mixture geometry graphics    drawit=        yes
 Print broad-group fluxes                           prtbroad=       no
 Echo convergence tracking data to std. output      echo=          yes
 
1         ***************************
          ***************************
          ** I/O Unit Assignments  **
          ***************************
          ***************************

 Unit no. for mixing table                          mixtab=         92
 Unit no. of working library                        xnlib=           4
 Unit no. for weighted broad-group library          wtdlib=         30
 Unit no. for homogenized macroscopic x-sect. lib.  hmoglib=        13
 
1         *************************
          *************************
          ** Convergence Control **
          *************************
          *************************

 Quadrature order                                   sn=              6
 Maximum no. of inner itrs./outer/energy group      inners=          5
 Maximum no. of outer energy groups                 outers=          250
 Performing thermal group subouter iterations       therm=         yes
 Maximum no. of thermal group subouter itrs./outer  suboutrs=        2
 Convergence criterion on inner iterations          epsinner= 1.00E-04
 Convergence criterion on subouter iterations       epsthrm=  1.00E-04
 Convergence criterion on outer iterations          epsouter= 1.00E-04
 Convergence criterion on eigenvalue                epseigen= 1.00E-04
 First guess for eigenvalue (k-eff)                 kguess=       1.000
 
1         *****************************
          *****************************
          ** Geometry Specifications **
          *****************************
          *****************************

 Left side x-coordinate                             xmin=  0.00000E+00
 Right side x-coordinate                            xmax=  1.20000E+02
 Bottom side y-coordinate                           ymin= -1.00000E+01
 Top side y-coordinate                              ymax=  2.00000E+01
 Number of subdivisions in x direction              nx=              4
 Number of subdivisions in y direction              ny=              4

 Boundary Conditions (0/1/2/3=vacuum/reflective/white/periodic):
 Left (West)          wbc=         1
 Right (East)         ebc=         1
 Bottom (South)       sbc=         1
 Top (North)          nbc=         1

  Body Characteristics.  Rotation angle in degrees counterclockwise.
  Size parameters. cyl: A=radius, B=no. of sides. cub: A=width, B=height. hex: A(B)=major(minor) radius.
  Body  Input  Zone    Subdiv      --Center--      Size Parameters   Rotation   Chord
  Type  Unit   Number  nx  ny      x        y        A        B      Angle      Information
  ----  -----  -----  --- ---   ------   ------    -----    ------   --------   -----------
 cub     1     1       4   4   60.000    5.000  120.000   30.000    0.000
 cub     1     2       0   0   35.000   10.000   70.000   20.000    0.000
 cub     1     3       0   0   71.000   10.000    2.000   20.000    0.000
 cub     1     4       0   0   77.500   10.000   11.000   20.000    0.000
 cub     1     5       0   0   84.000   10.000    2.000   20.000    0.000
 cub     1     6       0   0  102.500   10.000   35.000   20.000    0.000
 cub     1     7       0   0    2.500   -5.000    5.000   10.000    0.000
 cub     1     8       0   0   37.500   -5.000   65.000   10.000    0.000
 cub     1     9       0   0   71.000   -5.000    2.000   10.000    0.000
 cub     1    10       0   0   77.500   -5.000   11.000   10.000    0.000
 cub     1    11       0   0   84.000   -5.000    2.000   10.000    0.000
 cub     1    12       0   0  102.500   -5.000   35.000   10.000    0.000
 
1         *****************************
          *****************************
          ** Material Specifications **
          *****************************
          *****************************

 Mat'l No.   SCALE ID   Pn order   External source ID   Description (if any)
    1          1           1               0           
    2          2           2               0           
    3          3           1               0           
    4          4           2               0           
 
1         ************************
          ************************
          ** Derived Parameters **
          ************************
          ************************

 Total number of energy groups                      numen=         252
 Number of neutron groups                           igm=           252
 Number of gamma groups                             ipm=             0
 First thermal energy group                         iftg=          156
 Mixing table length                                nmix=            30
 Number of mixtures created                         nummat=          5
 Number of computational cells                      numcells=       42
 Number of computational surfaces (sides)           numlines=       98
 Combine small grid cells together                  combine=no
 Average number of sides/cell                       avnosides=     4.02
 Minimum number of sides/cell                       mnnosides=       4
 Maximum number of sides/cell                       mxnosides=       5
 Number of angles in quadrature set                 ndir=           24
 Maximum order of Legendre scattering               maxpn=           2
 Number of flux moments                             nmom             6
 
1         *****************************
          *****************************
          ** Energy Group Structures **
          *****************************
          *****************************

 Energy   Energy      Lethargy        
 Group  Boundaries   Boundaries       
  No.      (eV)                      
   1   2.00000E+07 -6.93147E-01                  127   3.17500E+01  1.26602E+01
   2   1.73300E+07 -5.49854E-01                  128   3.12500E+01  1.26761E+01
   3   1.56800E+07 -4.49801E-01                  129   3.00000E+01  1.27169E+01
   4   1.45500E+07 -3.75006E-01                  130   2.75000E+01  1.28039E+01
   5   1.38400E+07 -3.24978E-01                  131   2.50000E+01  1.28992E+01
   6   1.28400E+07 -2.49980E-01                  132   2.25000E+01  1.30046E+01
   7   1.00000E+07  0.00000E+00                  133   2.17500E+01  1.30385E+01
   8   8.18700E+06  2.00038E-01                  134   2.12000E+01  1.30641E+01
   9   6.43400E+06  4.40989E-01                  135   2.05000E+01  1.30977E+01
  10   4.80000E+06  7.33969E-01                  136   2.00000E+01  1.31224E+01
  11   4.30400E+06  8.43040E-01                  137   1.94000E+01  1.31528E+01
  12   3.00000E+06  1.20397E+00                  138   1.85000E+01  1.32003E+01
  13   2.47900E+06  1.39473E+00                  139   1.70000E+01  1.32849E+01
  14   2.35400E+06  1.44647E+00                  140   1.60000E+01  1.33455E+01
  15   1.85000E+06  1.68740E+00                  141   1.44000E+01  1.34509E+01
  16   1.50000E+06  1.89712E+00                  142   1.29000E+01  1.35609E+01
  17   1.40000E+06  1.96611E+00                  143   1.19000E+01  1.36416E+01
  18   1.35600E+06  1.99805E+00                  144   1.15000E+01  1.36757E+01
  19   1.31700E+06  2.02723E+00                  145   1.00000E+01  1.38155E+01
  20   1.25000E+06  2.07944E+00                  146   9.10000E+00  1.39098E+01
  21   1.20000E+06  2.12026E+00                  147   8.10000E+00  1.40262E+01
  22   1.10000E+06  2.20727E+00                  148   7.15000E+00  1.41510E+01
  23   1.01000E+06  2.29263E+00                  149   7.00000E+00  1.41722E+01
  24   9.20000E+05  2.38597E+00                  150   6.87500E+00  1.41902E+01
  25   9.00000E+05  2.40795E+00                  151   6.75000E+00  1.42086E+01
  26   8.75000E+05  2.43612E+00                  152   6.50000E+00  1.42463E+01
  27   8.61100E+05  2.45213E+00                  153   6.25000E+00  1.42855E+01
  28   8.20000E+05  2.50104E+00                  154   6.00000E+00  1.43263E+01
  29   7.50000E+05  2.59027E+00                  155   5.40000E+00  1.44317E+01
  30   6.79000E+05  2.68972E+00                  156   5.00000E+00  1.45087E+01
  31   6.70000E+05  2.70306E+00                  157   4.70000E+00  1.45705E+01
  32   6.00000E+05  2.81341E+00                  158   4.10000E+00  1.47071E+01
  33   5.73000E+05  2.85945E+00                  159   3.73000E+00  1.48017E+01
  34   5.50000E+05  2.90042E+00                  160   3.50000E+00  1.48653E+01
  35   4.92000E+05  3.01186E+00                  161   3.20000E+00  1.49549E+01
  36   4.70000E+05  3.05761E+00                  162   3.10000E+00  1.49867E+01
  37   4.40000E+05  3.12357E+00                  163   3.00000E+00  1.50195E+01
  38   4.20000E+05  3.17009E+00                  164   2.97000E+00  1.50295E+01
  39   4.00000E+05  3.21888E+00                  165   2.87000E+00  1.50638E+01
  40   3.30000E+05  3.41125E+00                  166   2.77000E+00  1.50992E+01
  41   2.70000E+05  3.61192E+00                  167   2.67000E+00  1.51360E+01
  42   2.00000E+05  3.91202E+00                  168   2.57000E+00  1.51742E+01
  43   1.49000E+05  4.20639E+00                  169   2.47000E+00  1.52139E+01
  44   1.28300E+05  4.35597E+00                  170   2.38000E+00  1.52510E+01
  45   1.00000E+05  4.60517E+00                  171   2.30000E+00  1.52852E+01
  46   8.50000E+04  4.76769E+00                  172   2.21000E+00  1.53251E+01
  47   8.20000E+04  4.80362E+00                  173   2.12000E+00  1.53667E+01
  48   7.50000E+04  4.89285E+00                  174   2.00000E+00  1.54249E+01
  49   7.30000E+04  4.91988E+00                  175   1.94000E+00  1.54554E+01
  50   6.00000E+04  5.11600E+00                  176   1.86000E+00  1.54975E+01
  51   5.20000E+04  5.25910E+00                  177   1.77000E+00  1.55471E+01
  52   5.00000E+04  5.29832E+00                  178   1.68000E+00  1.55993E+01
  53   4.50000E+04  5.40368E+00                  179   1.59000E+00  1.56544E+01
  54   3.00000E+04  5.80914E+00                  180   1.50000E+00  1.57126E+01
  55   2.00000E+04  6.21461E+00                  181   1.45000E+00  1.57465E+01
  56   1.70000E+04  6.37713E+00                  182   1.40000E+00  1.57816E+01
  57   1.30000E+04  6.64539E+00                  183   1.35000E+00  1.58180E+01
  58   9.50000E+03  6.95905E+00                  184   1.30000E+00  1.58557E+01
  59   8.03000E+03  7.12716E+00                  185   1.25000E+00  1.58950E+01
  60   5.70000E+03  7.46987E+00                  186   1.22500E+00  1.59152E+01
  61   3.90000E+03  7.84936E+00                  187   1.20000E+00  1.59358E+01
  62   3.74000E+03  7.89125E+00                  188   1.17500E+00  1.59568E+01
  63   3.00000E+03  8.11173E+00                  189   1.15000E+00  1.59783E+01
  64   2.50000E+03  8.29405E+00                  190   1.14000E+00  1.59871E+01
  65   2.25000E+03  8.39941E+00                  191   1.13000E+00  1.59959E+01
  66   2.20000E+03  8.42188E+00                  192   1.12000E+00  1.60048E+01
  67   1.80000E+03  8.62255E+00                  193   1.11000E+00  1.60137E+01
  68   1.55000E+03  8.77209E+00                  194   1.10000E+00  1.60228E+01
  69   1.50000E+03  8.80488E+00                  195   1.09000E+00  1.60319E+01
  70   1.15000E+03  9.07058E+00                  196   1.08000E+00  1.60411E+01
  71   9.50000E+02  9.26163E+00                  197   1.07000E+00  1.60504E+01
  72   6.83000E+02  9.59160E+00                  198   1.06000E+00  1.60598E+01
  73   6.70000E+02  9.61082E+00                  199   1.05000E+00  1.60693E+01
  74   5.50000E+02  9.80818E+00                  200   1.04000E+00  1.60789E+01
  75   3.05000E+02  1.03978E+01                  201   1.03000E+00  1.60885E+01
  76   2.85000E+02  1.04656E+01                  202   1.02000E+00  1.60983E+01
  77   2.40000E+02  1.06375E+01                  203   1.01000E+00  1.61081E+01
  78   2.20000E+02  1.07245E+01                  204   1.00000E+00  1.61181E+01
  79   2.09500E+02  1.07734E+01                  205   9.75000E-01  1.61434E+01
  80   2.07400E+02  1.07834E+01                  206   9.50000E-01  1.61694E+01
  81   2.02000E+02  1.08098E+01                  207   9.25000E-01  1.61961E+01
  82   1.93000E+02  1.08554E+01                  208   9.00000E-01  1.62235E+01
  83   1.91500E+02  1.08632E+01                  209   8.50000E-01  1.62806E+01
  84   1.88500E+02  1.08790E+01                  210   8.00000E-01  1.63412E+01
  85   1.87700E+02  1.08833E+01                  211   7.50000E-01  1.64058E+01
  86   1.80000E+02  1.09251E+01                  212   7.00000E-01  1.64748E+01
  87   1.70000E+02  1.09823E+01                  213   6.50000E-01  1.65489E+01
  88   1.43000E+02  1.11553E+01                  214   6.25000E-01  1.65881E+01
  89   1.22000E+02  1.13141E+01                  215   6.00000E-01  1.66289E+01
  90   1.19000E+02  1.13390E+01                  216   5.50000E-01  1.67159E+01
  91   1.17500E+02  1.13517E+01                  217   5.00000E-01  1.68112E+01
  92   1.16000E+02  1.13645E+01                  218   4.50000E-01  1.69166E+01
  93   1.13000E+02  1.13907E+01                  219   4.00000E-01  1.70344E+01
  94   1.08000E+02  1.14360E+01                  220   3.75000E-01  1.70989E+01
  95   1.05000E+02  1.14641E+01                  221   3.50000E-01  1.71679E+01
  96   1.01200E+02  1.15010E+01                  222   3.25000E-01  1.72420E+01
  97   9.70000E+01  1.15434E+01                  223   3.00000E-01  1.73221E+01
  98   9.00000E+01  1.16183E+01                  224   2.75000E-01  1.74091E+01
  99   8.17000E+01  1.17150E+01                  225   2.50000E-01  1.75044E+01
 100   8.00000E+01  1.17361E+01                  226   2.25000E-01  1.76098E+01
 101   7.60000E+01  1.17874E+01                  227   2.00000E-01  1.77275E+01
 102   7.20000E+01  1.18414E+01                  228   1.75000E-01  1.78611E+01
 103   6.75000E+01  1.19060E+01                  229   1.50000E-01  1.80152E+01
 104   6.50000E+01  1.19437E+01                  230   1.25000E-01  1.81975E+01
 105   6.30000E+01  1.19750E+01                  231   1.00000E-01  1.84207E+01
 106   6.10000E+01  1.20072E+01                  232   9.00000E-02  1.85260E+01
 107   5.80000E+01  1.20577E+01                  233   8.00000E-02  1.86438E+01
 108   5.34000E+01  1.21403E+01                  234   7.00000E-02  1.87774E+01
 109   5.06000E+01  1.21941E+01                  235   6.00000E-02  1.89315E+01
 110   4.83000E+01  1.22407E+01                  236   5.00000E-02  1.91138E+01
 111   4.52000E+01  1.23070E+01                  237   4.00000E-02  1.93370E+01
 112   4.40000E+01  1.23339E+01                  238   3.00000E-02  1.96247E+01
 113   4.24000E+01  1.23709E+01                  239   2.53000E-02  1.97950E+01
 114   4.10000E+01  1.24045E+01                  240   1.00000E-02  2.07233E+01
 115   3.96000E+01  1.24393E+01                  241   7.50000E-03  2.10109E+01
 116   3.91000E+01  1.24520E+01                  242   5.00000E-03  2.14164E+01
 117   3.80000E+01  1.24805E+01                  243   4.00000E-03  2.16396E+01
 118   3.76300E+01  1.24903E+01                  244   3.00000E-03  2.19272E+01
 119   3.72700E+01  1.24999E+01                  245   2.50000E-03  2.21096E+01
 120   3.71300E+01  1.25037E+01                  246   2.00000E-03  2.23327E+01
 121   3.70000E+01  1.25072E+01                  247   1.50000E-03  2.26204E+01
 122   3.60000E+01  1.25346E+01                  248   1.20000E-03  2.28435E+01
 123   3.55000E+01  1.25486E+01                  249   1.00000E-03  2.30259E+01
 124   3.50000E+01  1.25627E+01                  250   7.50000E-04  2.33135E+01
 125   3.37500E+01  1.25991E+01                  251   5.00000E-04  2.37190E+01
 126   3.32500E+01  1.26140E+01                  252   1.00000E-04  2.53284E+01
                                                 253   1.00000E-05  2.76310E+01
 
1         ***************************
          ***************************
          ** Quadrature Parameters **
          ***************************
          ***************************

 Quadrature angles and weights for first quadrant:
 (  6 angles/quadrant for S- 6 quadrature.)

 Angle No.    Mu                  Eta                Weight       Angle in x-y   Elevation
                                                                 plane (degrees) (degrees)
    1    2.30091940D-01      2.30091940D-01      4.23616400D-02       45.00        71.01
    2    6.88134320D-01      2.30091940D-01      4.09716925D-02       18.49        43.48
    3    9.45576760D-01      2.30091940D-01      4.23616400D-02       13.68        13.30
    4    2.30091940D-01      6.88134320D-01      4.09716925D-02       71.51        43.48
    5    6.88134320D-01      6.88134320D-01      4.09716925D-02       45.00        13.30
    6    2.30091940D-01      9.45576760D-01      4.23616400D-02       76.32        13.30


1         **********************************
          **********************************
          ** Quadrature Reflection Angles **
          **********************************
          **********************************
                (Angles are in degrees)

       12 primary   (incoming) angles on each side.
       12 reflected (outgoing) angles on each side.

  Side No. (slope)   Direction No. Primary angle (slope/elevation) Reflecting Angle (slope/elevation)

      1  (   0.00)       1             1  (  45.00/  71.01)           19  ( -45.00/  71.01)
                         2             2  (  18.49/  43.48)           20  ( -18.49/  43.48)
                         3             3  (  13.68/  13.30)           21  ( -13.68/  13.30)
                         4             4  (  71.51/  43.48)           22  ( -71.51/  43.48)
                         5             5  (  45.00/  13.30)           23  ( -45.00/  13.30)
                         6             6  (  76.32/  13.30)           24  ( -76.32/  13.30)
                         7             7  ( 135.00/  71.01)           13  (-135.00/  71.01)
                         8             8  ( 161.51/  43.48)           14  (-161.51/  43.48)
                         9             9  ( 166.32/  13.30)           15  (-166.32/  13.30)
                        10            10  ( 108.49/  43.48)           16  (-108.49/  43.48)
                        11            11  ( 135.00/  13.30)           17  (-135.00/  13.30)
                        12            12  ( 103.68/  13.30)           18  (-103.68/  13.30)

      2  ( -90.00)       1             1  (  45.00/  71.01)            7  ( 135.00/  71.01)
                         2             2  (  18.49/  43.48)            8  ( 161.51/  43.48)
                         3             3  (  13.68/  13.30)            9  ( 166.32/  13.30)
                         4             4  (  71.51/  43.48)           10  ( 108.49/  43.48)
                         5             5  (  45.00/  13.30)           11  ( 135.00/  13.30)
                         6             6  (  76.32/  13.30)           12  ( 103.68/  13.30)
                         7            19  ( -45.00/  71.01)           13  (-135.00/  71.01)
                         8            20  ( -18.49/  43.48)           14  (-161.51/  43.48)
                         9            21  ( -13.68/  13.30)           15  (-166.32/  13.30)
                        10            22  ( -71.51/  43.48)           16  (-108.49/  43.48)
                        11            23  ( -45.00/  13.30)           17  (-135.00/  13.30)
                        12            24  ( -76.32/  13.30)           18  (-103.68/  13.30)

      3  (  90.00)       1             7  ( 135.00/  71.01)            1  (  45.00/  71.01)
                         2             8  ( 161.51/  43.48)            2  (  18.49/  43.48)
                         3             9  ( 166.32/  13.30)            3  (  13.68/  13.30)
                         4            10  ( 108.49/  43.48)            4  (  71.51/  43.48)
                         5            11  ( 135.00/  13.30)            5  (  45.00/  13.30)
                         6            12  ( 103.68/  13.30)            6  (  76.32/  13.30)
                         7            13  (-135.00/  71.01)           19  ( -45.00/  71.01)
                         8            14  (-161.51/  43.48)           20  ( -18.49/  43.48)
                         9            15  (-166.32/  13.30)           21  ( -13.68/  13.30)
                        10            16  (-108.49/  43.48)           22  ( -71.51/  43.48)
                        11            17  (-135.00/  13.30)           23  ( -45.00/  13.30)
                        12            18  (-103.68/  13.30)           24  ( -76.32/  13.30)

      4  ( 180.00)       1            13  (-135.00/  71.01)            7  ( 135.00/  71.01)
                         2            14  (-161.51/  43.48)            8  ( 161.51/  43.48)
                         3            15  (-166.32/  13.30)            9  ( 166.32/  13.30)
                         4            16  (-108.49/  43.48)           10  ( 108.49/  43.48)
                         5            17  (-135.00/  13.30)           11  ( 135.00/  13.30)
                         6            18  (-103.68/  13.30)           12  ( 103.68/  13.30)
                         7            19  ( -45.00/  71.01)            1  (  45.00/  71.01)
                         8            20  ( -18.49/  43.48)            2  (  18.49/  43.48)
                         9            21  ( -13.68/  13.30)            3  (  13.68/  13.30)
                        10            22  ( -71.51/  43.48)            4  (  71.51/  43.48)
                        11            23  ( -45.00/  13.30)            5  (  45.00/  13.30)
                        12            24  ( -76.32/  13.30)            6  (  76.32/  13.30)





 Scattering constants for first quadrant
 ( 6 moments for p-2 scattering)
 Angle       ------------------------- Moment No. -------------------------
  No.       0             1             2             3             4             5
    1    1.00000E+00  3.98531E-01 -2.81804E-01 -9.40460E-01 -1.44988E-01 -1.15182E+00
    2    1.00000E+00  1.19188E+00 -2.81804E-01  4.70230E-01 -4.33616E-01 -5.75912E-01
    3    1.00000E+00  1.63779E+00 -2.81804E-01  1.88092E+00 -5.95839E-01  1.47310E-08
    4    1.00000E+00  3.98531E-01 -8.42789E-01 -9.40460E-01 -4.33616E-01 -1.97499E-08
    5    1.00000E+00  1.19188E+00 -8.42789E-01  4.70230E-01 -1.29681E+00  5.75912E-01
    6    1.00000E+00  3.98531E-01 -1.15809E+00 -9.40460E-01 -5.95839E-01  1.15182E+00
 
 
1         **************************
          **************************
          **** Mixture Volumes *****
          **************************
          **************************


  Mixture       Volume        Volume
    ID     (cc/unit length)  Fraction
     0       0.00000E+00      0.00000E+00
     1       2.10000E+03      5.83333E-01
     2       3.30000E+02      9.16667E-02
     3       1.70000E+02      4.72222E-02
     4       1.00000E+03      2.77778E-01
 Total       3.60000E+03      1.00000E+00
 
 
  Memory size of attenuation factors(MB)=      5.84
 


 =====================================================================================
   Outer iteration sweep begins.

 Outer  Eigen-  Eigenvalue Max Flux  Max Flux     Max Fuel  Max Fuel     Inners 
 It. #   value     Delta    Delta   Location(r,g)  Delta   Location(r,g) Cnvrged
 - - - - - - - - - - - - - - - - - - - - - - - - - - - - - - - - - - - - - - - - 
    1 1.00000   0.000E+00 2.379E+11 (    5,252)   1.000E+00 (    3,  0)    F
    2 0.81190   2.317E-01 2.448E+06 (    5,245)   6.243E-01 (   25,  0)    F
    3 1.18677   3.159E-01 1.326E+04 (    4,240)   2.139E-01 (    4,  0)    F
    4 1.03845   1.428E-01 1.627E+02 (    4,231)   9.795E-02 (   22,  0)    F
    5 1.14303   9.149E-02 3.151E+01 (    6,  1)   6.091E-02 (   23,  0)    F
    6 1.09814   4.088E-02 3.142E+01 (   41,  1)   3.688E-02 (   22,  0)    F
    7 1.12656   2.523E-02 3.141E+01 (   41,  1)   1.960E-02 (   23,  0)    F
    8 1.11373   1.153E-02 3.140E+01 (    3,  1)   1.567E-02 (   22,  0)    F
    9 1.12141   6.847E-03 3.140E+01 (    2,  1)   6.088E-03 (    4,  0)    F
   10 1.11779   3.236E-03 3.140E+01 (    2,  1)   8.053E-03 (   22,  0)    F
   11 1.11987   1.857E-03 3.140E+01 (    2,  1)   4.430E-03 (   22,  0)    F
   12 1.11886   9.046E-04 3.139E+01 (    2,  1)   4.932E-03 (    3,  0)    F
   13 1.11941   4.946E-04 3.139E+01 (    4,  1)   3.541E-03 (   17,  0)    F
   14 1.11919   2.000E-04 2.494E+00 (    1,248)   3.343E-03 (    3,  0)    F
   15 1.11924   5.032E-05 1.334E+00 (    1,248)   2.709E-03 (   17,  0)    F
   16 1.11924   6.789E-07 4.424E-01 (    1,248)   2.345E-03 (   17,  0)    F
   17 1.11924   4.020E-09 1.134E-01 (    1,248)   2.001E-03 (   17,  0)    F
   18 1.11924   6.189E-07 2.672E-02 (    1,248)   1.708E-03 (   17,  0)    F
   19 1.11924   1.040E-06 6.459E-03 (    1,154)   1.459E-03 (   17,  0)    F
   20 1.11924   1.258E-06 4.506E-03 (    1,154)   1.245E-03 (   17,  0)    F
   21 1.11924   1.339E-06 3.133E-03 (    1,154)   1.063E-03 (   17,  0)    F
   22 1.11924   1.333E-06 2.181E-03 (    1,154)   9.069E-04 (   17,  0)    F
   23 1.11923   1.274E-06 1.530E-03 (    1,147)   7.738E-04 (   17,  0)    F
   24 1.11923   1.185E-06 1.087E-03 (    1,147)   6.600E-04 (   17,  0)    F
   25 1.11923   1.082E-06 7.853E-04 (    1,147)   5.630E-04 (   17,  0)    F
   26 1.11923   9.740E-07 5.809E-04 (    1,147)   4.802E-04 (   17,  0)    F
   27 1.11923   8.625E-07 4.377E-04 (    1,147)   4.094E-04 (   17,  0)    F
   28 1.11923   7.664E-07 3.382E-04 (    1,147)   3.489E-04 (   17,  0)    F
   29 1.11923   6.722E-07 2.879E-04 (   17, 11)   2.975E-04 (   17,  0)    F
   30 1.11923   5.852E-07 2.453E-04 (   17, 11)   2.535E-04 (   17,  0)    F
   31 1.11923   5.208E-07 2.083E-04 (   17, 11)   2.152E-04 (    3,  0)    F
   32 1.11923   4.417E-07 1.773E-04 (   17, 11)   1.832E-04 (   17,  0)    F
   33 1.11923   3.769E-07 1.509E-04 (   17, 11)   1.560E-04 (   17,  0)    F
   34 1.11922   3.218E-07 1.282E-04 (   17, 11)   1.324E-04 (   17,  0)    F
   35 1.11922   1.938E-07 1.069E-04 (   17, 11)   1.105E-04 (    3,  0)    F
   36 1.11922   1.109E-07 9.004E-05 (   17, 11)   9.292E-05 (    3,  0)    F
   37 1.11922   7.691E-08 7.177E-05 (   17, 12)   7.411E-05 (    3,  0)    F
 k-eff =       1.11922472                                                                                     



   Four-Factor Estimate of k-infinity.  Fast/Thermal boundary:   0.6250 eV
      Fiss. neutrons/thermal abs. (eta):          1.598705
      Thermal utilization (f):                    0.240706
      Resonance Escape probability (p):           0.000366
      Fast-fission factor (epsilon):           7936.502617
                                            --------------
      Infinite neutron multiplication             1.119212


   Alternate 3-Group Formulation Terms. 
   Fast/Res. boundary:   0.8210 MeV.  Res./Therm. boundary:   0.6250eV
      Fiss. neutrons/thermal abs. (eta):          1.598705
      Thermal utilization (f):                    0.240706
      Resonance Escape probability (p):           0.000486
      Fast Escape probability (pf):               0.754712
      Fast-fission factor (epsilon):           7936.502617




 Critical Spectra Calculated with the B1 Method
 Input buckling of  0.00000E+00 gives a corresponding k-eff of  1.11922E+00
 Equivalent core height is infinite.

  Group   Upper      Critical   Inf.Med.   Critical   Inf.Med.  
   No    Energy(eV)   Flux       Flux      Adj.Flux   Adj.Flux  

     1  2.0000E+07  0.000E+00  0.000E+00  3.427E-03  3.427E-03
     2  1.7330E+07  5.828E-11  5.828E-11  5.424E-03  5.424E-03
     3  1.5680E+07  2.339E-07  2.339E-07  6.850E-03  6.850E-03
     4  1.4550E+07  8.526E-06  8.526E-06  9.750E-03  9.750E-03
     5  1.3840E+07  3.018E-05  3.018E-05  6.119E-03  6.119E-03
     6  1.2840E+07  1.314E-04  1.314E-04  1.661E-03  1.661E-03
     7  1.0000E+07  4.854E-04  4.854E-04  1.958E-03  1.958E-03
     8  8.1870E+06  1.372E-03  1.372E-03  1.505E-03  1.505E-03
     9  6.4340E+06  3.356E-03  3.356E-03  1.136E-03  1.136E-03
    10  4.8000E+06  5.548E-03  5.548E-03  3.044E-03  3.044E-03
    11  4.3040E+06  8.887E-03  8.887E-03  9.362E-04  9.362E-04
    12  3.0000E+06  1.319E-02  1.319E-02  1.815E-03  1.815E-03
    13  2.4790E+06  1.497E-02  1.497E-02  6.653E-03  6.653E-03
    14  2.3540E+06  1.817E-02  1.817E-02  1.408E-03  1.408E-03
    15  1.8500E+06  2.112E-02  2.112E-02  1.582E-03  1.582E-03
    16  1.5000E+06  2.221E-02  2.221E-02  4.692E-03  4.692E-03
    17  1.4000E+06  2.273E-02  2.273E-02  1.002E-02  1.002E-02
    18  1.3560E+06  2.243E-02  2.243E-02  1.092E-02  1.092E-02
    19  1.3170E+06  2.304E-02  2.304E-02  6.059E-03  6.059E-03
    20  1.2500E+06  2.344E-02  2.344E-02  7.649E-03  7.649E-03
    21  1.2000E+06  2.475E-02  2.475E-02  3.563E-03  3.563E-03
    22  1.1000E+06  2.688E-02  2.688E-02  3.548E-03  3.548E-03
    23  1.0100E+06  3.088E-02  3.088E-02  3.159E-03  3.159E-03
    24  9.2000E+05  2.964E-02  2.964E-02  1.304E-02  1.304E-02
    25  9.0000E+05  3.086E-02  3.086E-02  1.008E-02  1.008E-02
    26  8.7500E+05  2.892E-02  2.892E-02  1.754E-02  1.754E-02
    27  8.6110E+05  3.227E-02  3.227E-02  5.710E-03  5.710E-03
    28  8.2000E+05  3.022E-02  3.022E-02  3.034E-03  3.034E-03
    29  7.5000E+05  2.996E-02  2.996E-02  2.617E-03  2.617E-03
    30  6.7900E+05  3.111E-02  3.111E-02  1.904E-02  1.904E-02
    31  6.7000E+05  3.151E-02  3.151E-02  2.253E-03  2.253E-03
    32  6.0000E+05  3.301E-02  3.301E-02  5.243E-03  5.243E-03
    33  5.7300E+05  3.310E-02  3.310E-02  5.785E-03  5.785E-03
    34  5.5000E+05  3.388E-02  3.388E-02  2.065E-03  2.065E-03
    35  4.9200E+05  2.982E-02  2.982E-02  4.812E-03  4.812E-03
    36  4.7000E+05  2.905E-02  2.905E-02  3.272E-03  3.272E-03
    37  4.4000E+05  2.664E-02  2.664E-02  4.520E-03  4.520E-03
    38  4.2000E+05  2.390E-02  2.390E-02  4.185E-03  4.185E-03
    39  4.0000E+05  2.656E-02  2.656E-02  1.028E-03  1.028E-03
    40  3.3000E+05  2.821E-02  2.821E-02  9.167E-04  9.167E-04
    41  2.7000E+05  2.242E-02  2.242E-02  5.493E-04  5.493E-04
    42  2.0000E+05  2.119E-02  2.119E-02  5.034E-04  5.034E-04
    43  1.4900E+05  1.789E-02  1.789E-02  8.955E-04  8.955E-04
    44  1.2830E+05  1.576E-02  1.576E-02  5.045E-04  5.045E-04
    45  1.0000E+05  1.417E-02  1.417E-02  7.162E-04  7.162E-04
    46  8.5000E+04  1.372E-02  1.372E-02  3.112E-03  3.112E-03
    47  8.2000E+04  1.293E-02  1.293E-02  1.224E-03  1.224E-03
    48  7.5000E+04  1.172E-02  1.172E-02  3.944E-03  3.944E-03
    49  7.3000E+04  1.096E-02  1.096E-02  5.288E-04  5.288E-04
    50  6.0000E+04  7.883E-03  7.883E-03  6.792E-04  6.792E-04
    51  5.2000E+04  8.231E-03  8.231E-03  2.481E-03  2.481E-03
    52  5.0000E+04  8.911E-03  8.911E-03  9.182E-04  9.182E-04
    53  4.5000E+04  6.830E-03  6.830E-03  2.296E-04  2.296E-04
    54  3.0000E+04  5.483E-03  5.483E-03  2.140E-04  2.140E-04
    55  2.0000E+04  4.189E-03  4.189E-03  4.989E-04  4.989E-04
    56  1.7000E+04  3.464E-03  3.464E-03  2.983E-04  2.983E-04
    57  1.3000E+04  2.717E-03  2.717E-03  2.606E-04  2.606E-04
    58  9.5000E+03  1.825E-03  1.825E-03  5.010E-04  5.010E-04
    59  8.0300E+03  1.656E-03  1.656E-03  2.626E-04  2.626E-04
    60  5.7000E+03  1.111E-03  1.111E-03  2.644E-04  2.644E-04
    61  3.9000E+03  8.298E-04  8.298E-04  2.751E-03  2.751E-03
    62  3.7400E+03  6.747E-04  6.747E-04  5.412E-04  5.412E-04
    63  3.0000E+03  4.873E-04  4.873E-04  7.348E-04  7.348E-04
    64  2.5000E+03  5.821E-04  5.821E-04  1.398E-03  1.398E-03
    65  2.2500E+03  6.772E-04  6.772E-04  6.720E-03  6.720E-03
    66  2.2000E+03  7.453E-04  7.453E-04  7.801E-04  7.801E-04
    67  1.8000E+03  6.905E-04  6.905E-04  1.085E-03  1.085E-03
    68  1.5500E+03  6.334E-04  6.334E-04  4.984E-03  4.984E-03
    69  1.5000E+03  5.011E-04  5.011E-04  6.268E-04  6.268E-04
    70  1.1500E+03  3.660E-04  3.660E-04  8.819E-04  8.819E-04
    71  9.5000E+02  3.135E-04  3.135E-04  5.230E-04  5.230E-04
    72  6.8300E+02  2.841E-04  2.841E-04  9.279E-03  9.279E-03
    73  6.7000E+02  2.642E-04  2.642E-04  9.065E-04  9.065E-04
    74  5.5000E+02  1.933E-04  1.933E-04  3.091E-04  3.091E-04
    75  3.0500E+02  1.698E-04  1.698E-04  2.744E-03  2.744E-03
    76  2.8500E+02  1.655E-04  1.655E-04  1.097E-03  1.097E-03
    77  2.4000E+02  1.581E-04  1.581E-04  2.092E-03  2.092E-03
    78  2.2000E+02  1.568E-04  1.568E-04  3.747E-03  3.747E-03
    79  2.0950E+02  1.395E-04  1.395E-04  1.750E-02  1.750E-02
    80  2.0740E+02  1.522E-04  1.522E-04  7.279E-03  7.279E-03
    81  2.0200E+02  1.454E-04  1.454E-04  4.137E-03  4.137E-03
    82  1.9300E+02  1.457E-04  1.457E-04  2.282E-02  2.282E-02
    83  1.9150E+02  1.332E-04  1.332E-04  1.108E-02  1.108E-02
    84  1.8850E+02  1.629E-04  1.629E-04  4.174E-02  4.174E-02
    85  1.8770E+02  1.490E-04  1.490E-04  4.348E-03  4.348E-03
    86  1.8000E+02  1.430E-04  1.430E-04  3.126E-03  3.126E-03
    87  1.7000E+02  1.342E-04  1.342E-04  1.043E-03  1.043E-03
    88  1.4300E+02  1.243E-04  1.243E-04  1.129E-03  1.129E-03
    89  1.2200E+02  1.157E-04  1.157E-04  7.108E-03  7.108E-03
    90  1.1900E+02  1.128E-04  1.128E-04  1.405E-02  1.405E-02
    91  1.1750E+02  1.073E-04  1.073E-04  1.334E-02  1.334E-02
    92  1.1600E+02  1.185E-04  1.185E-04  6.664E-03  6.664E-03
    93  1.1300E+02  1.168E-04  1.168E-04  3.754E-03  3.754E-03
    94  1.0800E+02  1.067E-04  1.067E-04  6.099E-03  6.099E-03
    95  1.0500E+02  1.064E-04  1.064E-04  4.599E-03  4.599E-03
    96  1.0120E+02  1.101E-04  1.101E-04  4.196E-03  4.196E-03
    97  9.7000E+01  1.026E-04  1.026E-04  2.298E-03  2.298E-03
    98  9.0000E+01  9.737E-05  9.737E-05  1.814E-03  1.814E-03
    99  8.1700E+01  9.423E-05  9.423E-05  7.617E-03  7.617E-03
   100  8.0000E+01  9.662E-05  9.662E-05  3.109E-03  3.109E-03
   101  7.6000E+01  8.943E-05  8.943E-05  3.054E-03  3.054E-03
   102  7.2000E+01  9.186E-05  9.186E-05  2.410E-03  2.410E-03
   103  6.7500E+01  8.420E-05  8.420E-05  4.109E-03  4.109E-03
   104  6.5000E+01  8.733E-05  8.733E-05  4.985E-03  4.985E-03
   105  6.3000E+01  8.528E-05  8.528E-05  4.909E-03  4.909E-03
   106  6.1000E+01  8.101E-05  8.101E-05  3.189E-03  3.189E-03
   107  5.8000E+01  7.934E-05  7.934E-05  1.756E-03  1.756E-03
   108  5.3400E+01  7.680E-05  7.680E-05  2.531E-03  2.531E-03
   109  5.0600E+01  7.510E-05  7.510E-05  2.982E-03  2.982E-03
   110  4.8300E+01  7.482E-05  7.482E-05  2.064E-03  2.064E-03
   111  4.5200E+01  7.075E-05  7.075E-05  4.804E-03  4.804E-03
   112  4.4000E+01  7.371E-05  7.371E-05  3.564E-03  3.564E-03
   113  4.2400E+01  6.904E-05  6.904E-05  3.959E-03  3.959E-03
   114  4.1000E+01  7.134E-05  7.134E-05  3.826E-03  3.826E-03
   115  3.9600E+01  6.982E-05  6.982E-05  1.071E-02  1.071E-02
   116  3.9100E+01  6.828E-05  6.828E-05  4.554E-03  4.554E-03
   117  3.8000E+01  6.951E-05  6.951E-05  1.353E-02  1.353E-02
   118  3.7630E+01  6.816E-05  6.816E-05  1.376E-02  1.376E-02
   119  3.7270E+01  6.598E-05  6.598E-05  3.477E-02  3.477E-02
   120  3.7130E+01  6.383E-05  6.383E-05  3.683E-02  3.683E-02
   121  3.7000E+01  6.390E-05  6.390E-05  4.700E-03  4.700E-03
   122  3.6000E+01  6.808E-05  6.808E-05  9.798E-03  9.798E-03
   123  3.5500E+01  6.460E-05  6.460E-05  1.012E-02  1.012E-02
   124  3.5000E+01  6.523E-05  6.523E-05  3.840E-03  3.840E-03
   125  3.3750E+01  6.453E-05  6.453E-05  9.259E-03  9.259E-03
   126  3.3250E+01  6.436E-05  6.436E-05  3.036E-03  3.036E-03
   127  3.1750E+01  6.488E-05  6.488E-05  8.530E-03  8.530E-03
   128  3.1250E+01  6.449E-05  6.449E-05  3.333E-03  3.333E-03
   129  3.0000E+01  6.405E-05  6.405E-05  1.582E-03  1.582E-03
   130  2.7500E+01  5.984E-05  5.984E-05  1.489E-03  1.489E-03
   131  2.5000E+01  5.725E-05  5.725E-05  1.315E-03  1.315E-03
   132  2.2500E+01  5.182E-05  5.182E-05  4.336E-03  4.336E-03
   133  2.1750E+01  5.332E-05  5.332E-05  4.960E-03  4.960E-03
   134  2.1200E+01  4.881E-05  4.881E-05  3.630E-03  3.630E-03
   135  2.0500E+01  5.074E-05  5.074E-05  5.234E-03  5.234E-03
   136  2.0000E+01  5.051E-05  5.051E-05  4.403E-03  4.403E-03
   137  1.9400E+01  4.928E-05  4.928E-05  2.849E-03  2.849E-03
   138  1.8500E+01  4.746E-05  4.746E-05  1.610E-03  1.610E-03
   139  1.7000E+01  4.669E-05  4.669E-05  2.166E-03  2.166E-03
   140  1.6000E+01  4.334E-05  4.334E-05  1.291E-03  1.291E-03
   141  1.4400E+01  4.146E-05  4.146E-05  1.100E-03  1.100E-03
   142  1.2900E+01  3.978E-05  3.978E-05  1.416E-03  1.416E-03
   143  1.1900E+01  3.751E-05  3.751E-05  3.444E-03  3.444E-03
   144  1.1500E+01  3.616E-05  3.616E-05  8.236E-04  8.236E-04
   145  1.0000E+01  3.554E-05  3.554E-05  1.041E-03  1.041E-03
   146  9.1000E+00  3.380E-05  3.380E-05  8.460E-04  8.460E-04
   147  8.1000E+00  3.090E-05  3.090E-05  7.831E-04  7.831E-04
   148  7.1500E+00  3.022E-05  3.022E-05  4.017E-03  4.017E-03
   149  7.0000E+00  2.979E-05  2.979E-05  4.605E-03  4.605E-03
   150  6.8750E+00  2.853E-05  2.853E-05  4.341E-03  4.341E-03
   151  6.7500E+00  2.779E-05  2.779E-05  2.130E-03  2.130E-03
   152  6.5000E+00  2.804E-05  2.804E-05  2.199E-03  2.199E-03
   153  6.2500E+00  2.787E-05  2.787E-05  2.145E-03  2.145E-03
   154  6.0000E+00  2.753E-05  2.753E-05  8.361E-04  8.361E-04
   155  5.4000E+00  2.690E-05  2.690E-05  1.154E-03  1.154E-03
   156  5.0000E+00  2.689E-05  2.689E-05  1.442E-03  1.442E-03
   157  4.7000E+00  2.567E-05  2.567E-05  6.610E-04  6.610E-04
   158  4.1000E+00  2.399E-05  2.399E-05  9.641E-04  9.641E-04
   159  3.7300E+00  2.248E-05  2.248E-05  1.471E-03  1.471E-03
   160  3.5000E+00  2.198E-05  2.198E-05  1.021E-03  1.021E-03
   161  3.2000E+00  2.126E-05  2.126E-05  2.902E-03  2.902E-03
   162  3.1000E+00  2.130E-05  2.130E-05  2.786E-03  2.786E-03
   163  3.0000E+00  2.167E-05  2.167E-05  9.015E-03  9.015E-03
   164  2.9700E+00  2.069E-05  2.069E-05  2.626E-03  2.626E-03
   165  2.8700E+00  2.023E-05  2.023E-05  2.521E-03  2.521E-03
   166  2.7700E+00  1.984E-05  1.984E-05  2.419E-03  2.419E-03
   167  2.6700E+00  1.942E-05  1.942E-05  2.327E-03  2.327E-03
   168  2.5700E+00  1.899E-05  1.899E-05  2.237E-03  2.237E-03
   169  2.4700E+00  1.857E-05  1.857E-05  2.389E-03  2.389E-03
   170  2.3800E+00  1.817E-05  1.817E-05  2.590E-03  2.590E-03
   171  2.3000E+00  1.775E-05  1.775E-05  2.214E-03  2.214E-03
   172  2.2100E+00  1.728E-05  1.728E-05  2.120E-03  2.120E-03
   173  2.1200E+00  1.666E-05  1.666E-05  1.507E-03  1.507E-03
   174  2.0000E+00  1.622E-05  1.622E-05  2.871E-03  2.871E-03
   175  1.9400E+00  1.586E-05  1.586E-05  2.070E-03  2.070E-03
   176  1.8600E+00  1.539E-05  1.539E-05  1.750E-03  1.750E-03
   177  1.7700E+00  1.487E-05  1.487E-05  1.655E-03  1.655E-03
   178  1.6800E+00  1.434E-05  1.434E-05  1.560E-03  1.560E-03
   179  1.5900E+00  1.379E-05  1.379E-05  1.465E-03  1.465E-03
   180  1.5000E+00  1.334E-05  1.334E-05  2.505E-03  2.505E-03
   181  1.4500E+00  1.299E-05  1.299E-05  2.411E-03  2.411E-03
   182  1.4000E+00  1.263E-05  1.263E-05  2.319E-03  2.319E-03
   183  1.3500E+00  1.226E-05  1.226E-05  2.226E-03  2.226E-03
   184  1.3000E+00  1.186E-05  1.186E-05  2.135E-03  2.135E-03
   185  1.2500E+00  1.154E-05  1.154E-05  4.134E-03  4.134E-03
   186  1.2250E+00  1.131E-05  1.131E-05  4.044E-03  4.044E-03
   187  1.2000E+00  1.109E-05  1.109E-05  3.950E-03  3.950E-03
   188  1.1750E+00  1.085E-05  1.085E-05  3.847E-03  3.847E-03
   189  1.1500E+00  1.069E-05  1.069E-05  9.430E-03  9.430E-03
   190  1.1400E+00  1.060E-05  1.060E-05  9.327E-03  9.327E-03
   191  1.1300E+00  1.051E-05  1.051E-05  9.233E-03  9.233E-03
   192  1.1200E+00  1.043E-05  1.043E-05  9.154E-03  9.154E-03
   193  1.1100E+00  1.036E-05  1.036E-05  9.092E-03  9.092E-03
   194  1.1000E+00  1.028E-05  1.028E-05  9.043E-03  9.043E-03
   195  1.0900E+00  1.022E-05  1.022E-05  9.004E-03  9.004E-03
   196  1.0800E+00  1.015E-05  1.015E-05  8.973E-03  8.973E-03
   197  1.0700E+00  1.009E-05  1.009E-05  8.946E-03  8.946E-03
   198  1.0600E+00  1.002E-05  1.002E-05  8.921E-03  8.921E-03
   199  1.0500E+00  9.958E-06  9.958E-06  8.899E-03  8.899E-03
   200  1.0400E+00  9.895E-06  9.895E-06  8.878E-03  8.878E-03
   201  1.0300E+00  9.833E-06  9.833E-06  8.859E-03  8.859E-03
   202  1.0200E+00  9.773E-06  9.773E-06  8.843E-03  8.843E-03
   203  1.0100E+00  9.714E-06  9.714E-06  8.831E-03  8.831E-03
   204  1.0000E+00  9.618E-06  9.618E-06  3.529E-03  3.529E-03
   205  9.7500E-01  9.489E-06  9.489E-06  3.528E-03  3.528E-03
   206  9.5000E-01  9.357E-06  9.357E-06  3.517E-03  3.517E-03
   207  9.2500E-01  9.216E-06  9.216E-06  3.492E-03  3.492E-03
   208  9.0000E-01  8.985E-06  8.985E-06  1.714E-03  1.714E-03
   209  8.5000E-01  8.658E-06  8.658E-06  1.657E-03  1.657E-03
   210  8.0000E-01  8.307E-06  8.307E-06  1.587E-03  1.587E-03
   211  7.5000E-01  7.931E-06  7.931E-06  1.505E-03  1.505E-03
   212  7.0000E-01  7.532E-06  7.532E-06  1.414E-03  1.414E-03
   213  6.5000E-01  7.226E-06  7.226E-06  2.682E-03  2.682E-03
   214  6.2500E-01  7.004E-06  7.004E-06  2.578E-03  2.578E-03
   215  6.0000E-01  6.657E-06  6.657E-06  1.207E-03  1.207E-03
   216  5.5000E-01  6.187E-06  6.187E-06  1.093E-03  1.093E-03
   217  5.0000E-01  5.694E-06  5.694E-06  9.737E-04  9.737E-04
   218  4.5000E-01  5.194E-06  5.194E-06  8.494E-04  8.494E-04
   219  4.0000E-01  4.824E-06  4.824E-06  1.509E-03  1.509E-03
   220  3.7500E-01  4.559E-06  4.559E-06  1.379E-03  1.379E-03
   221  3.5000E-01  4.285E-06  4.285E-06  1.250E-03  1.250E-03
   222  3.2500E-01  4.003E-06  4.003E-06  1.122E-03  1.122E-03
   223  3.0000E-01  3.714E-06  3.714E-06  9.982E-04  9.982E-04
   224  2.7500E-01  3.415E-06  3.415E-06  8.787E-04  8.787E-04
   225  2.5000E-01  3.105E-06  3.105E-06  7.639E-04  7.639E-04
   226  2.2500E-01  2.781E-06  2.781E-06  6.547E-04  6.547E-04
   227  2.0000E-01  2.440E-06  2.440E-06  5.516E-04  5.516E-04
   228  1.7500E-01  2.079E-06  2.079E-06  4.546E-04  4.546E-04
   229  1.5000E-01  1.697E-06  1.697E-06  3.635E-04  3.635E-04
   230  1.2500E-01  1.333E-06  1.333E-06  2.785E-04  2.785E-04
   231  1.0000E-01  1.098E-06  1.098E-06  5.632E-04  5.632E-04
   232  9.0000E-02  9.391E-07  9.391E-07  4.851E-04  4.851E-04
   233  8.0000E-02  7.795E-07  7.795E-07  4.100E-04  4.100E-04
   234  7.0000E-02  6.223E-07  6.223E-07  3.381E-04  3.381E-04
   235  6.0000E-02  4.715E-07  4.715E-07  2.699E-04  2.699E-04
   236  5.0000E-02  3.313E-07  3.313E-07  2.058E-04  2.058E-04
   237  4.0000E-02  2.075E-07  2.075E-07  1.464E-04  1.464E-04
   238  3.0000E-02  1.318E-07  1.318E-07  2.277E-04  2.277E-04
   239  2.5300E-02  5.042E-08  5.042E-08  3.655E-05  3.655E-05
   240  1.0000E-02  1.297E-08  1.297E-08  9.726E-05  9.726E-05
   241  7.5000E-03  6.271E-09  6.271E-09  6.213E-05  6.213E-05
   242  5.0000E-03  3.127E-09  3.127E-09  1.025E-04  1.025E-04
   243  4.0000E-03  1.821E-09  1.821E-09  7.444E-05  7.444E-05
   244  3.0000E-03  1.092E-09  1.092E-09  1.108E-04  1.108E-04
   245  2.5000E-03  7.123E-10  7.123E-10  8.672E-05  8.672E-05
   246  2.0000E-03  4.175E-10  4.175E-10  6.414E-05  6.414E-05
   247  1.5000E-03  2.426E-10  2.426E-10  7.925E-05  7.925E-05
   248  1.2000E-03  1.583E-10  1.583E-10  9.427E-05  9.427E-05
   249  1.0000E-03  9.755E-11  9.755E-11  5.816E-05  5.816E-05
   250  7.5000E-04  4.799E-11  4.799E-11  3.996E-05  3.996E-05
   251  5.0000E-04  8.738E-12  8.738E-12  9.559E-06  9.559E-06
   252  1.0000E-04  1.522E-13  1.522E-13  6.274E-06  6.274E-06

 NOTE: Flux values above are per unit-lethargy.



  Zone data

      Zone   Mix    Relative     Relative         Zone
       No.   No.      Flux     Fission Power     Volume
     -----------------------------------------------------------------
         1     1   1.41276E-01   5.60034E-01   1.40000E+03
         2     3   1.16968E-01   0.00000E+00   4.00000E+01
         3     2   1.09382E-01   0.00000E+00   2.20000E+02
         4     3   1.08920E-01   0.00000E+00   4.00000E+01
         5     1   1.09772E-01   4.39966E-01   7.00000E+02
         6     3   8.94670E-02   0.00000E+00   5.00000E+01
         7     4   6.01649E-02   0.00000E+00   6.50000E+02
         8     3   7.05153E-02   0.00000E+00   2.00000E+01
         9     2   7.89457E-02   0.00000E+00   1.10000E+02
        10     3   6.84847E-02   0.00000E+00   2.00000E+01
        11     4   4.61044E-02   0.00000E+00   3.50000E+02



module xsproc is finished. completion code 0.
Sequence T-Newt is finished. completion code 0.

    SCALE is finished on Mon Mar 06 15:51:48 2017.
-------------------------- Summary --------------------------
t-newt finished. used 84.0663 seconds.
SCALE driver required a maximum of 64.09 MiB of RAM.
------------------------ End Summary ------------------------

fluxplot_252g.ps copied to C:\Users\ajohnson400\Google Drive\nre6401\software\msr-refl-iter\temp.fluxplot_252g.ps.
newtgrid.ps copied to C:\Users\ajohnson400\Google Drive\nre6401\software\msr-refl-iter\temp.newtgrid.ps.
newtmatl.ps copied to C:\Users\ajohnson400\Google Drive\nre6401\software\msr-refl-iter\temp.newtmatl.ps.
